{
"/Users/mitchellmurphy/Documents/angular2-webpack-starter/src/app/about/about.component.ts":{"path":"/Users/mitchellmurphy/Documents/angular2-webpack-starter/src/app/about/about.component.ts","statementMap":{"0":{"start":{"line":2,"column":13},"end":{"line":2,"column":37}},"1":{"start":{"line":3,"column":15},"end":{"line":3,"column":41}},"2":{"start":{"line":9,"column":0},"end":{"line":9,"column":55}},"3":{"start":{"line":10,"column":22},"end":{"line":52,"column":3}},"4":{"start":{"line":12,"column":8},"end":{"line":12,"column":27}},"5":{"start":{"line":14,"column":4},"end":{"line":28,"column":6}},"6":{"start":{"line":15,"column":20},"end":{"line":15,"column":24}},"7":{"start":{"line":16,"column":8},"end":{"line":21,"column":11}},"8":{"start":{"line":20,"column":12},"end":{"line":20,"column":45}},"9":{"start":{"line":22,"column":8},"end":{"line":22,"column":47}},"10":{"start":{"line":27,"column":8},"end":{"line":27,"column":36}},"11":{"start":{"line":29,"column":4},"end":{"line":41,"column":6}},"12":{"start":{"line":30,"column":20},"end":{"line":30,"column":24}},"13":{"start":{"line":34,"column":8},"end":{"line":40,"column":11}},"14":{"start":{"line":35,"column":12},"end":{"line":39,"column":15}},"15":{"start":{"line":37,"column":16},"end":{"line":37,"column":52}},"16":{"start":{"line":38,"column":16},"end":{"line":38,"column":40}},"17":{"start":{"line":42,"column":4},"end":{"line":49,"column":23}},"18":{"start":{"line":50,"column":4},"end":{"line":50,"column":26}},"19":{"start":{"line":53,"column":0},"end":{"line":53,"column":40}}},"fnMap":{"0":{"name":"(anonymous_0)","decl":{"start":{"line":10,"column":22},"end":{"line":10,"column":23}},"loc":{"start":{"line":10,"column":34},"end":{"line":52,"column":1}}},"1":{"name":"AboutComponent","decl":{"start":{"line":11,"column":13},"end":{"line":11,"column":27}},"loc":{"start":{"line":11,"column":35},"end":{"line":13,"column":5}}},"2":{"name":"(anonymous_2)","decl":{"start":{"line":14,"column":40},"end":{"line":14,"column":41}},"loc":{"start":{"line":14,"column":52},"end":{"line":28,"column":5}}},"3":{"name":"(anonymous_3)","decl":{"start":{"line":18,"column":23},"end":{"line":18,"column":24}},"loc":{"start":{"line":18,"column":39},"end":{"line":21,"column":9}}},"4":{"name":"(anonymous_4)","decl":{"start":{"line":29,"column":52},"end":{"line":29,"column":53}},"loc":{"start":{"line":29,"column":64},"end":{"line":41,"column":5}}},"5":{"name":"(anonymous_5)","decl":{"start":{"line":34,"column":19},"end":{"line":34,"column":20}},"loc":{"start":{"line":34,"column":31},"end":{"line":40,"column":9}}},"6":{"name":"(anonymous_6)","decl":{"start":{"line":36,"column":22},"end":{"line":36,"column":23}},"loc":{"start":{"line":36,"column":38},"end":{"line":39,"column":13}}}},"branchMap":{"0":{"loc":{"start":{"line":48,"column":41},"end":{"line":48,"column":161}},"type":"binary-expr","locations":[{"start":{"line":48,"column":42},"end":{"line":48,"column":144}},{"start":{"line":48,"column":148},"end":{"line":48,"column":150}},{"start":{"line":48,"column":155},"end":{"line":48,"column":161}}]},"1":{"loc":{"start":{"line":48,"column":55},"end":{"line":48,"column":128}},"type":"binary-expr","locations":[{"start":{"line":48,"column":55},"end":{"line":48,"column":101}},{"start":{"line":48,"column":105},"end":{"line":48,"column":128}}]}},"s":{"0":1,"1":1,"2":1,"3":1,"4":1,"5":1,"6":1,"7":1,"8":1,"9":1,"10":1,"11":1,"12":1,"13":1,"14":0,"15":0,"16":0,"17":1,"18":1,"19":1},"f":{"0":1,"1":1,"2":1,"3":1,"4":1,"5":0,"6":0},"b":{"0":[1,1,0],"1":[1,1]},"hash":"7d6d0cc00c3461415babaa45225eb2fd05b1c55f","l":{"2":1,"3":1,"9":1,"10":1,"12":1,"14":1,"15":1,"16":1,"20":1,"22":1,"27":1,"29":1,"30":1,"34":1,"35":0,"37":0,"38":0,"42":1,"50":1,"53":1},"code":["import { Component } from '@angular/core';","import { ActivatedRoute } from '@angular/router';","/*"," * We're loading this component asynchronously"," * We are using some magic with es6-promise-loader that will wrap the module with a Promise"," * see https://github.com/gdi2290/es6-promise-loader for more info"," */","","console.log('`About` component loaded asynchronously');","","@Component({","  selector: 'about',","  styles: [`","  `],","  template: `","    <h1>About</h1>","    <div>","      For hot module reloading run","      <pre>npm run start:hmr</pre>","    </div>","    <div>","      <h3>","        patrick@AngularClass.com","      </h3>","    </div>","    <pre>this.localState = {{ localState | json }}</pre>","  `","})","export class AboutComponent {","  localState: any;","  constructor(public route: ActivatedRoute) {","","  }","","  ngOnInit() {","    this.route","      .data","      .subscribe((data: any) => {","        // your resolved data from route","        this.localState = data.yourData;","      });","","    console.log('hello `About` component');","    // static data that is bundled","    // var mockData = require('assets/mock-data/mock-data.json');","    // console.log('mockData', mockData);","    // if you're working with mock data you can also use http.get('assets/mock-data/mock-data.json')","    this.asyncDataWithWebpack();","  }","  asyncDataWithWebpack() {","    // you can also async load mock data with 'es6-promise-loader'","    // you would do this if you don't want the mock-data bundled","    // remember that 'es6-promise-loader' is a promise","    setTimeout(() => {","","      System.import('../../assets/mock-data/mock-data.json')","        .then(json => {","          console.log('async mockData', json);","          this.localState = json;","        });","","    });","  }","","}",""]},
"/Users/mitchellmurphy/Documents/angular2-webpack-starter/src/app/app.component.ts":{"path":"/Users/mitchellmurphy/Documents/angular2-webpack-starter/src/app/app.component.ts","statementMap":{"0":{"start":{"line":5,"column":13},"end":{"line":5,"column":37}},"1":{"start":{"line":6,"column":20},"end":{"line":6,"column":44}},"2":{"start":{"line":11,"column":20},"end":{"line":34,"column":3}},"3":{"start":{"line":13,"column":8},"end":{"line":13,"column":33}},"4":{"start":{"line":14,"column":8},"end":{"line":14,"column":69}},"5":{"start":{"line":15,"column":8},"end":{"line":15,"column":48}},"6":{"start":{"line":16,"column":8},"end":{"line":16,"column":54}},"7":{"start":{"line":18,"column":4},"end":{"line":20,"column":6}},"8":{"start":{"line":19,"column":8},"end":{"line":19,"column":62}},"9":{"start":{"line":21,"column":4},"end":{"line":31,"column":21}},"10":{"start":{"line":32,"column":4},"end":{"line":32,"column":24}},"11":{"start":{"line":35,"column":0},"end":{"line":35,"column":36}}},"fnMap":{"0":{"name":"(anonymous_0)","decl":{"start":{"line":11,"column":20},"end":{"line":11,"column":21}},"loc":{"start":{"line":11,"column":32},"end":{"line":34,"column":1}}},"1":{"name":"AppComponent","decl":{"start":{"line":12,"column":13},"end":{"line":12,"column":25}},"loc":{"start":{"line":12,"column":36},"end":{"line":17,"column":5}}},"2":{"name":"(anonymous_2)","decl":{"start":{"line":18,"column":38},"end":{"line":18,"column":39}},"loc":{"start":{"line":18,"column":50},"end":{"line":20,"column":5}}}},"branchMap":{"0":{"loc":{"start":{"line":30,"column":41},"end":{"line":30,"column":159}},"type":"binary-expr","locations":[{"start":{"line":30,"column":42},"end":{"line":30,"column":142}},{"start":{"line":30,"column":146},"end":{"line":30,"column":148}},{"start":{"line":30,"column":153},"end":{"line":30,"column":159}}]},"1":{"loc":{"start":{"line":30,"column":55},"end":{"line":30,"column":126}},"type":"binary-expr","locations":[{"start":{"line":30,"column":55},"end":{"line":30,"column":100}},{"start":{"line":30,"column":104},"end":{"line":30,"column":126}}]}},"s":{"0":1,"1":1,"2":1,"3":1,"4":1,"5":1,"6":1,"7":1,"8":0,"9":1,"10":1,"11":1},"f":{"0":1,"1":1,"2":0},"b":{"0":[1,1,0],"1":[1,1]},"hash":"a443ce756812826d90427c23aa0934864fd321b3","l":{"5":1,"6":1,"11":1,"13":1,"14":1,"15":1,"16":1,"18":1,"19":0,"21":1,"32":1,"35":1},"code":["/*"," * Angular 2 decorators and services"," */","import { Component, ViewEncapsulation } from '@angular/core';","","import { AppState } from './app.service';","","/*"," * App Component"," * Top Level Component"," */","@Component({","  selector: 'app',","  encapsulation: ViewEncapsulation.None,","  styleUrls: [","    './app.component.css'","  ],","  template: `","    <nav>","      <span>","        <a [routerLink]=\" ['./'] \">","          Index","        </a>","      </span>","      |","      <span>","        <a [routerLink]=\" ['./home'] \">","          Home","        </a>","      </span>","      |","      <span>","        <a [routerLink]=\" ['./detail'] \">","          Detail","        </a>","      </span>","      |","      <span>","        <a [routerLink]=\" ['./about'] \">","          About","        </a>","      </span>","    </nav>","","    <main>","      <router-outlet></router-outlet>","    </main>","","    <pre class=\"app-state\">this.appState.state = {{ appState.state | json }}</pre>","","    <footer>","      <span>WebPack Angular 2 Starter by <a [href]=\"url\">@AngularClass</a></span>","      <div>","        <a [href]=\"url\">","          <img [src]=\"angularclassLogo\" width=\"25%\">","        </a>","      </div>","    </footer>","  `","})","export class AppComponent {","  angularclassLogo = 'assets/img/angularclass-avatar.png';","  name = 'Angular 2 Webpack Starter';","  url = 'https://twitter.com/AngularClass';","","  constructor(","    public appState: AppState) {","","  }","","  ngOnInit() {","    console.log('Initial App State', this.appState.state);","  }","","}","","/*"," * Please review the https://github.com/AngularClass/angular2-examples/ repo for"," * more angular app examples that you may copy/paste"," * (The examples may not be updated as quickly. Please open an issue on github for us to update it)"," * For help or questions please contact us at @AngularClass on twitter"," * or our chat on Slack at https://AngularClass.com/slack-join"," */",""]},
"/Users/mitchellmurphy/Documents/angular2-webpack-starter/src/app/app.service.ts":{"path":"/Users/mitchellmurphy/Documents/angular2-webpack-starter/src/app/app.service.ts","statementMap":{"0":{"start":{"line":2,"column":13},"end":{"line":2,"column":37}},"1":{"start":{"line":3,"column":16},"end":{"line":37,"column":3}},"2":{"start":{"line":5,"column":8},"end":{"line":5,"column":25}},"3":{"start":{"line":7,"column":4},"end":{"line":18,"column":7}},"4":{"start":{"line":10,"column":12},"end":{"line":10,"column":58}},"5":{"start":{"line":14,"column":12},"end":{"line":14,"column":67}},"6":{"start":{"line":19,"column":4},"end":{"line":23,"column":6}},"7":{"start":{"line":21,"column":20},"end":{"line":21,"column":30}},"8":{"start":{"line":22,"column":8},"end":{"line":22,"column":64}},"9":{"start":{"line":24,"column":4},"end":{"line":27,"column":6}},"10":{"start":{"line":26,"column":8},"end":{"line":26,"column":41}},"11":{"start":{"line":28,"column":4},"end":{"line":31,"column":6}},"12":{"start":{"line":30,"column":8},"end":{"line":30,"column":50}},"13":{"start":{"line":32,"column":4},"end":{"line":35,"column":17}},"14":{"start":{"line":36,"column":4},"end":{"line":36,"column":20}},"15":{"start":{"line":38,"column":0},"end":{"line":38,"column":28}}},"fnMap":{"0":{"name":"(anonymous_0)","decl":{"start":{"line":3,"column":16},"end":{"line":3,"column":17}},"loc":{"start":{"line":3,"column":28},"end":{"line":37,"column":1}}},"1":{"name":"AppState","decl":{"start":{"line":4,"column":13},"end":{"line":4,"column":21}},"loc":{"start":{"line":4,"column":24},"end":{"line":6,"column":5}}},"2":{"name":"(anonymous_2)","decl":{"start":{"line":9,"column":13},"end":{"line":9,"column":14}},"loc":{"start":{"line":9,"column":25},"end":{"line":11,"column":9}}},"3":{"name":"(anonymous_3)","decl":{"start":{"line":13,"column":13},"end":{"line":13,"column":14}},"loc":{"start":{"line":13,"column":30},"end":{"line":15,"column":9}}},"4":{"name":"(anonymous_4)","decl":{"start":{"line":19,"column":29},"end":{"line":19,"column":30}},"loc":{"start":{"line":19,"column":45},"end":{"line":23,"column":5}}},"5":{"name":"(anonymous_5)","decl":{"start":{"line":24,"column":29},"end":{"line":24,"column":30}},"loc":{"start":{"line":24,"column":52},"end":{"line":27,"column":5}}},"6":{"name":"(anonymous_6)","decl":{"start":{"line":28,"column":32},"end":{"line":28,"column":33}},"loc":{"start":{"line":28,"column":50},"end":{"line":31,"column":5}}}},"branchMap":{"0":{"loc":{"start":{"line":22,"column":15},"end":{"line":22,"column":63}},"type":"cond-expr","locations":[{"start":{"line":22,"column":44},"end":{"line":22,"column":55}},{"start":{"line":22,"column":58},"end":{"line":22,"column":63}}]}},"s":{"0":1,"1":1,"2":4,"3":1,"4":0,"5":0,"6":1,"7":0,"8":0,"9":1,"10":0,"11":1,"12":0,"13":1,"14":1,"15":1},"f":{"0":1,"1":4,"2":0,"3":0,"4":0,"5":0,"6":0},"b":{"0":[0,0]},"hash":"3602b9e8e5a483999c904639e21d99569648dd5d","l":{"2":1,"3":1,"5":4,"7":1,"10":0,"14":0,"19":1,"21":0,"22":0,"24":1,"26":0,"28":1,"30":0,"32":1,"36":1,"38":1},"code":["import { Injectable } from '@angular/core';","","export type InternalStateType = {","  [key: string]: any","};","","@Injectable()","export class AppState {","  _state: InternalStateType = { };","","  constructor() {","","  }","","  // already return a clone of the current state","  get state() {","    return this._state = this._clone(this._state);","  }","  // never allow mutation","  set state(value) {","    throw new Error('do not mutate the `.state` directly');","  }","","","  get(prop?: any) {","    // use our state getter for the clone","    const state = this.state;","    return state.hasOwnProperty(prop) ? state[prop] : state;","  }","","  set(prop: string, value: any) {","    // internally mutate our state","    return this._state[prop] = value;","  }","","","  private _clone(object: InternalStateType) {","    // simple object clone","    return JSON.parse(JSON.stringify( object ));","  }","}",""]},
"/Users/mitchellmurphy/Documents/angular2-webpack-starter/src/app/home/home.component.ts":{"path":"/Users/mitchellmurphy/Documents/angular2-webpack-starter/src/app/home/home.component.ts","statementMap":{"0":{"start":{"line":2,"column":13},"end":{"line":2,"column":37}},"1":{"start":{"line":3,"column":20},"end":{"line":3,"column":45}},"2":{"start":{"line":4,"column":14},"end":{"line":4,"column":32}},"3":{"start":{"line":5,"column":21},"end":{"line":41,"column":3}},"4":{"start":{"line":8,"column":8},"end":{"line":8,"column":33}},"5":{"start":{"line":9,"column":8},"end":{"line":9,"column":27}},"6":{"start":{"line":11,"column":8},"end":{"line":11,"column":40}},"7":{"start":{"line":13,"column":4},"end":{"line":16,"column":6}},"8":{"start":{"line":14,"column":8},"end":{"line":14,"column":46}},"9":{"start":{"line":17,"column":4},"end":{"line":21,"column":6}},"10":{"start":{"line":18,"column":8},"end":{"line":18,"column":42}},"11":{"start":{"line":19,"column":8},"end":{"line":19,"column":42}},"12":{"start":{"line":20,"column":8},"end":{"line":20,"column":35}},"13":{"start":{"line":22,"column":4},"end":{"line":38,"column":22}},"14":{"start":{"line":39,"column":4},"end":{"line":39,"column":25}},"15":{"start":{"line":42,"column":0},"end":{"line":42,"column":38}}},"fnMap":{"0":{"name":"(anonymous_0)","decl":{"start":{"line":5,"column":21},"end":{"line":5,"column":22}},"loc":{"start":{"line":5,"column":33},"end":{"line":41,"column":1}}},"1":{"name":"HomeComponent","decl":{"start":{"line":7,"column":13},"end":{"line":7,"column":26}},"loc":{"start":{"line":7,"column":44},"end":{"line":12,"column":5}}},"2":{"name":"(anonymous_2)","decl":{"start":{"line":13,"column":39},"end":{"line":13,"column":40}},"loc":{"start":{"line":13,"column":51},"end":{"line":16,"column":5}}},"3":{"name":"(anonymous_3)","decl":{"start":{"line":17,"column":42},"end":{"line":17,"column":43}},"loc":{"start":{"line":17,"column":59},"end":{"line":21,"column":5}}}},"branchMap":{"0":{"loc":{"start":{"line":37,"column":41},"end":{"line":37,"column":159}},"type":"binary-expr","locations":[{"start":{"line":37,"column":42},"end":{"line":37,"column":142}},{"start":{"line":37,"column":146},"end":{"line":37,"column":148}},{"start":{"line":37,"column":153},"end":{"line":37,"column":159}}]},"1":{"loc":{"start":{"line":37,"column":55},"end":{"line":37,"column":126}},"type":"binary-expr","locations":[{"start":{"line":37,"column":55},"end":{"line":37,"column":100}},{"start":{"line":37,"column":104},"end":{"line":37,"column":126}}]},"2":{"loc":{"start":{"line":37,"column":161},"end":{"line":37,"column":261}},"type":"binary-expr","locations":[{"start":{"line":37,"column":162},"end":{"line":37,"column":244}},{"start":{"line":37,"column":248},"end":{"line":37,"column":250}},{"start":{"line":37,"column":255},"end":{"line":37,"column":261}}]},"3":{"loc":{"start":{"line":37,"column":175},"end":{"line":37,"column":228}},"type":"binary-expr","locations":[{"start":{"line":37,"column":175},"end":{"line":37,"column":211}},{"start":{"line":37,"column":215},"end":{"line":37,"column":228}}]}},"s":{"0":1,"1":1,"2":1,"3":1,"4":3,"5":3,"6":3,"7":1,"8":1,"9":1,"10":0,"11":0,"12":0,"13":1,"14":1,"15":1},"f":{"0":1,"1":3,"2":1,"3":0},"b":{"0":[1,1,0],"1":[1,1],"2":[1,1,0],"3":[1,1]},"hash":"6cd983ef27b1ad8e671695a9feeafce85bdfa34b","l":{"2":1,"3":1,"4":1,"5":1,"8":3,"9":3,"11":3,"13":1,"14":1,"17":1,"18":0,"19":0,"20":0,"22":1,"39":1,"42":1},"code":["import { Component } from '@angular/core';","","import { AppState } from '../app.service';","import { Title } from './title';","import { XLarge } from './x-large';","","@Component({","  // The selector is what angular internally uses","  // for `document.querySelectorAll(selector)` in our index.html","  // where, in this case, selector is the string 'home'","  selector: 'home',  // <home></home>","  // We need to tell Angular's Dependency Injection which providers are in our app.","  providers: [","    Title","  ],","  // Our list of styles in our component. We may add more to compose many styles together","  styleUrls: [ './home.component.css' ],","  // Every Angular template is first compiled by the browser before Angular runs it's compiler","  templateUrl: './home.component.html'","})","export class HomeComponent {","  // Set our default values","  localState = { value: '' };","  // TypeScript public modifiers","  constructor(public appState: AppState, public title: Title) {","","  }","","  ngOnInit() {","    console.log('hello `Home` component');","    // this.title.getData().subscribe(data => this.data = data);","  }","","  submitState(value: string) {","    console.log('submitState', value);","    this.appState.set('value', value);","    this.localState.value = '';","  }","}",""]},
"/Users/mitchellmurphy/Documents/angular2-webpack-starter/src/app/home/title/index.ts":{"path":"/Users/mitchellmurphy/Documents/angular2-webpack-starter/src/app/home/title/index.ts","statementMap":{"0":{"start":{"line":3,"column":4},"end":{"line":3,"column":71}},"1":{"start":{"line":3,"column":21},"end":{"line":3,"column":71}},"2":{"start":{"line":3,"column":53},"end":{"line":3,"column":71}},"3":{"start":{"line":5,"column":0},"end":{"line":5,"column":37}}},"fnMap":{"0":{"name":"__export","decl":{"start":{"line":2,"column":9},"end":{"line":2,"column":17}},"loc":{"start":{"line":2,"column":21},"end":{"line":4,"column":1}}}},"branchMap":{"0":{"loc":{"start":{"line":3,"column":21},"end":{"line":3,"column":71}},"type":"if","locations":[{"start":{"line":3,"column":21},"end":{"line":3,"column":71}},{"start":{"line":3,"column":21},"end":{"line":3,"column":71}}]}},"s":{"0":1,"1":1,"2":1,"3":1},"f":{"0":1},"b":{"0":[1,0]},"hash":"f2e52773790832f0767e7c2b2e1a4fb76937b559","l":{"3":1,"5":1},"code":["export * from './title.service';",""]},
"/Users/mitchellmurphy/Documents/angular2-webpack-starter/src/app/home/title/title.service.ts":{"path":"/Users/mitchellmurphy/Documents/angular2-webpack-starter/src/app/home/title/title.service.ts","statementMap":{"0":{"start":{"line":2,"column":13},"end":{"line":2,"column":37}},"1":{"start":{"line":3,"column":13},"end":{"line":3,"column":37}},"2":{"start":{"line":4,"column":13},"end":{"line":23,"column":3}},"3":{"start":{"line":6,"column":8},"end":{"line":6,"column":25}},"4":{"start":{"line":7,"column":8},"end":{"line":7,"column":33}},"5":{"start":{"line":9,"column":4},"end":{"line":16,"column":6}},"6":{"start":{"line":10,"column":8},"end":{"line":10,"column":49}},"7":{"start":{"line":13,"column":8},"end":{"line":15,"column":10}},"8":{"start":{"line":17,"column":4},"end":{"line":20,"column":14}},"9":{"start":{"line":21,"column":4},"end":{"line":21,"column":17}},"10":{"start":{"line":24,"column":0},"end":{"line":24,"column":22}}},"fnMap":{"0":{"name":"(anonymous_0)","decl":{"start":{"line":4,"column":13},"end":{"line":4,"column":14}},"loc":{"start":{"line":4,"column":25},"end":{"line":23,"column":1}}},"1":{"name":"Title","decl":{"start":{"line":5,"column":13},"end":{"line":5,"column":18}},"loc":{"start":{"line":5,"column":25},"end":{"line":8,"column":5}}},"2":{"name":"(anonymous_2)","decl":{"start":{"line":9,"column":30},"end":{"line":9,"column":31}},"loc":{"start":{"line":9,"column":42},"end":{"line":16,"column":5}}}},"branchMap":{"0":{"loc":{"start":{"line":19,"column":41},"end":{"line":19,"column":137}},"type":"binary-expr","locations":[{"start":{"line":19,"column":42},"end":{"line":19,"column":120}},{"start":{"line":19,"column":124},"end":{"line":19,"column":126}},{"start":{"line":19,"column":131},"end":{"line":19,"column":137}}]},"1":{"loc":{"start":{"line":19,"column":55},"end":{"line":19,"column":104}},"type":"binary-expr","locations":[{"start":{"line":19,"column":55},"end":{"line":19,"column":89}},{"start":{"line":19,"column":93},"end":{"line":19,"column":104}}]}},"s":{"0":1,"1":1,"2":1,"3":5,"4":5,"5":1,"6":2,"7":2,"8":1,"9":1,"10":1},"f":{"0":1,"1":5,"2":2},"b":{"0":[1,1,0],"1":[1,1]},"hash":"81a5086c99df1075067213ce683198c0a9a68cf6","l":{"2":1,"3":1,"4":1,"6":5,"7":5,"9":1,"10":2,"13":2,"17":1,"21":1,"24":1},"code":["import { Injectable } from '@angular/core';","import { Http } from '@angular/http';","","@Injectable()","export class Title {","  value = 'Angular 2';","  constructor(public http: Http) {","","  }","","  getData() {","    console.log('Title#getData(): Get Data');","    // return this.http.get('/assets/data.json')","    // .map(res => res.json());","    return {","      value: 'AngularClass'","    };","  }","","}",""]},
"/Users/mitchellmurphy/Documents/angular2-webpack-starter/src/app/home/x-large/x-large.directive.ts":{"path":"/Users/mitchellmurphy/Documents/angular2-webpack-starter/src/app/home/x-large/x-large.directive.ts","statementMap":{"0":{"start":{"line":2,"column":13},"end":{"line":2,"column":37}},"1":{"start":{"line":7,"column":14},"end":{"line":23,"column":3}},"2":{"start":{"line":13,"column":8},"end":{"line":13,"column":79}},"3":{"start":{"line":15,"column":4},"end":{"line":20,"column":15}},"4":{"start":{"line":21,"column":4},"end":{"line":21,"column":18}},"5":{"start":{"line":24,"column":0},"end":{"line":24,"column":24}}},"fnMap":{"0":{"name":"(anonymous_0)","decl":{"start":{"line":7,"column":14},"end":{"line":7,"column":15}},"loc":{"start":{"line":7,"column":26},"end":{"line":23,"column":1}}},"1":{"name":"XLarge","decl":{"start":{"line":8,"column":13},"end":{"line":8,"column":19}},"loc":{"start":{"line":8,"column":39},"end":{"line":14,"column":5}}}},"branchMap":{"0":{"loc":{"start":{"line":19,"column":41},"end":{"line":19,"column":149}},"type":"binary-expr","locations":[{"start":{"line":19,"column":42},"end":{"line":19,"column":132}},{"start":{"line":19,"column":136},"end":{"line":19,"column":138}},{"start":{"line":19,"column":143},"end":{"line":19,"column":149}}]},"1":{"loc":{"start":{"line":19,"column":55},"end":{"line":19,"column":116}},"type":"binary-expr","locations":[{"start":{"line":19,"column":55},"end":{"line":19,"column":95}},{"start":{"line":19,"column":99},"end":{"line":19,"column":116}}]},"2":{"loc":{"start":{"line":19,"column":151},"end":{"line":19,"column":255}},"type":"binary-expr","locations":[{"start":{"line":19,"column":152},"end":{"line":19,"column":238}},{"start":{"line":19,"column":242},"end":{"line":19,"column":244}},{"start":{"line":19,"column":249},"end":{"line":19,"column":255}}]},"3":{"loc":{"start":{"line":19,"column":165},"end":{"line":19,"column":222}},"type":"binary-expr","locations":[{"start":{"line":19,"column":165},"end":{"line":19,"column":203}},{"start":{"line":19,"column":207},"end":{"line":19,"column":222}}]}},"s":{"0":1,"1":1,"2":1,"3":1,"4":1,"5":1},"f":{"0":1,"1":1},"b":{"0":[1,1,0],"1":[1,1],"2":[1,1,0],"3":[1,1]},"hash":"97c2e22327b114eb4c1984277a4db4fd48d775e6","l":{"2":1,"7":1,"13":1,"15":1,"21":1,"24":1},"code":["import { Component, Directive, ElementRef, Renderer } from '@angular/core';","/*"," * Directive"," * XLarge is a simple directive to show how one is made"," */","@Directive({","  selector: '[x-large]' // using [ ] means selecting attributes","})","export class XLarge {","  constructor(element: ElementRef, renderer: Renderer) {","    // simple DOM manipulation to set font size to x-large","    // `nativeElement` is the direct reference to the DOM element","    // element.nativeElement.style.fontSize = 'x-large';","","    // for server/webworker support use the renderer","    renderer.setElementStyle(element.nativeElement, 'fontSize', 'x-large');","  }","}",""]}}
