{
"src/app/app.component.ts":{"path":"src/app/app.component.ts","statementMap":{"1":{"start":{"line":4,"column":0},"end":{"line":4,"column":61}},"2":{"start":{"line":6,"column":0},"end":{"line":6,"column":41}},"3":{"start":{"line":27,"column":0},"end":{"line":36,"column":1}},"4":{"start":{"line":28,"column":2},"end":{"line":31,"column":3}},"5":{"start":{"line":29,"column":13},"end":{"line":29,"column":31}},"6":{"start":{"line":33,"column":2},"end":{"line":34,"column":3}},"7":{"start":{"line":36,"column":0},"end":{"line":36,"column":1}},"8":{"start":{"line":27,"column":13},"end":{"line":27,"column":25}}},"fnMap":{"1":{"name":"(anonymous_1)","line":27,"loc":{"start":{"line":27,"column":0},"end":{"line":null,"column":-1}}},"2":{"name":"AppComponent","line":28,"loc":{"start":{"line":28,"column":2},"end":{"line":29,"column":31}}},"3":{"name":"(anonymous_3)","line":33,"loc":{"start":{"line":33,"column":2},"end":{"line":null,"column":-1}}}},"branchMap":{},"s":{"1":1,"2":1,"3":2,"4":1,"5":0,"6":1,"7":1,"8":1},"b":{},"f":{"1":1,"2":0,"3":0},"l":{"4":1,"6":1,"27":2,"28":1,"29":0,"33":1,"36":1}},
"src/app/app.service.ts":{"path":"src/app/app.service.ts","statementMap":{"1":{"start":{"line":1,"column":0},"end":{"line":1,"column":43}},"2":{"start":{"line":8,"column":0},"end":{"line":41,"column":1}},"3":{"start":{"line":11,"column":2},"end":{"line":13,"column":3}},"4":{"start":{"line":9,"column":2},"end":{"line":9,"column":34}},"5":{"start":{"line":16,"column":2},"end":{"line":18,"column":3}},"6":{"start":{"line":17,"column":4},"end":{"line":17,"column":50}},"7":{"start":{"line":21,"column":4},"end":{"line":21,"column":59}},"8":{"start":{"line":25,"column":2},"end":{"line":29,"column":3}},"9":{"start":{"line":27,"column":4},"end":{"line":27,"column":29}},"10":{"start":{"line":28,"column":4},"end":{"line":28,"column":60}},"11":{"start":{"line":31,"column":2},"end":{"line":34,"column":3}},"12":{"start":{"line":33,"column":4},"end":{"line":33,"column":37}},"13":{"start":{"line":37,"column":10},"end":{"line":40,"column":3}},"14":{"start":{"line":39,"column":4},"end":{"line":39,"column":48}},"15":{"start":{"line":41,"column":0},"end":{"line":41,"column":1}},"16":{"start":{"line":8,"column":13},"end":{"line":8,"column":21}}},"fnMap":{"1":{"name":"(anonymous_1)","line":8,"loc":{"start":{"line":8,"column":0},"end":{"line":null,"column":-1}}},"2":{"name":"AppState","line":11,"loc":{"start":{"line":11,"column":2},"end":{"line":null,"column":-1}}},"3":{"name":"(anonymous_3)","line":16,"loc":{"start":{"line":16,"column":2},"end":{"line":null,"column":-1}}},"4":{"name":"(anonymous_4)","line":20,"loc":{"start":{"line":20,"column":2},"end":{"line":20,"column":17}}},"5":{"name":"(anonymous_5)","line":25,"loc":{"start":{"line":25,"column":2},"end":{"line":25,"column":16}}},"6":{"name":"(anonymous_6)","line":31,"loc":{"start":{"line":31,"column":2},"end":{"line":31,"column":30}}},"7":{"name":"(anonymous_7)","line":37,"loc":{"start":{"line":37,"column":2},"end":{"line":37,"column":42}}}},"branchMap":{"1":{"line":28,"type":"cond-expr","locations":[{"start":{"line":28,"column":40},"end":{"line":28,"column":51}},{"start":{"line":28,"column":54},"end":{"line":28,"column":59}}]}},"s":{"1":1,"2":2,"3":1,"4":0,"5":1,"6":0,"7":0,"8":1,"9":0,"10":0,"11":1,"12":0,"13":1,"14":0,"15":1,"16":1},"b":{"1":[0,0]},"f":{"1":1,"2":0,"3":0,"4":0,"5":0,"6":0,"7":0},"l":{"1":1,"8":2,"9":0,"11":1,"16":1,"17":0,"21":0,"25":1,"27":0,"28":0,"31":1,"33":0,"37":1,"39":0,"41":1}},
"src/app/home/home.component.ts":{"path":"src/app/home/home.component.ts","statementMap":{"1":{"start":{"line":1,"column":0},"end":{"line":1,"column":42}},"2":{"start":{"line":2,"column":0},"end":{"line":2,"column":37}},"3":{"start":{"line":9,"column":0},"end":{"line":86,"column":1}},"4":{"start":{"line":19,"column":2},"end":{"line":21,"column":3}},"5":{"start":{"line":13,"column":9},"end":{"line":13,"column":38}},"6":{"start":{"line":14,"column":9},"end":{"line":14,"column":39}},"7":{"start":{"line":15,"column":9},"end":{"line":15,"column":32}},"8":{"start":{"line":16,"column":9},"end":{"line":16,"column":30}},"9":{"start":{"line":17,"column":9},"end":{"line":17,"column":35}},"10":{"start":{"line":23,"column":2},"end":{"line":27,"column":3}},"11":{"start":{"line":24,"column":4},"end":{"line":24,"column":21}},"12":{"start":{"line":25,"column":4},"end":{"line":25,"column":29}},"13":{"start":{"line":26,"column":4},"end":{"line":26,"column":39}},"14":{"start":{"line":29,"column":2},"end":{"line":40,"column":3}},"15":{"start":{"line":30,"column":4},"end":{"line":30,"column":49}},"16":{"start":{"line":31,"column":4},"end":{"line":36,"column":5}},"17":{"start":{"line":32,"column":6},"end":{"line":32,"column":48}},"18":{"start":{"line":33,"column":6},"end":{"line":35,"column":7}},"19":{"start":{"line":34,"column":8},"end":{"line":34,"column":35}},"20":{"start":{"line":37,"column":4},"end":{"line":37,"column":54}},"21":{"start":{"line":38,"column":4},"end":{"line":38,"column":78}},"22":{"start":{"line":39,"column":4},"end":{"line":39,"column":25}},"23":{"start":{"line":42,"column":2},"end":{"line":48,"column":3}},"24":{"start":{"line":43,"column":4},"end":{"line":46,"column":5}},"25":{"start":{"line":44,"column":8},"end":{"line":44,"column":46}},"26":{"start":{"line":45,"column":8},"end":{"line":45,"column":84}},"27":{"start":{"line":47,"column":4},"end":{"line":47,"column":36}},"28":{"start":{"line":50,"column":2},"end":{"line":63,"column":3}},"29":{"start":{"line":51,"column":4},"end":{"line":51,"column":27}},"30":{"start":{"line":52,"column":4},"end":{"line":52,"column":36}},"31":{"start":{"line":53,"column":4},"end":{"line":58,"column":5}},"32":{"start":{"line":54,"column":6},"end":{"line":54,"column":33}},"33":{"start":{"line":55,"column":6},"end":{"line":57,"column":7}},"34":{"start":{"line":56,"column":8},"end":{"line":56,"column":40}},"35":{"start":{"line":59,"column":4},"end":{"line":59,"column":71}},"36":{"start":{"line":60,"column":4},"end":{"line":60,"column":46}},"37":{"start":{"line":61,"column":4},"end":{"line":61,"column":56}},"38":{"start":{"line":62,"column":4},"end":{"line":62,"column":50}},"39":{"start":{"line":65,"column":2},"end":{"line":78,"column":3}},"40":{"start":{"line":66,"column":4},"end":{"line":66,"column":27}},"41":{"start":{"line":67,"column":4},"end":{"line":67,"column":36}},"42":{"start":{"line":68,"column":4},"end":{"line":73,"column":5}},"43":{"start":{"line":69,"column":6},"end":{"line":69,"column":33}},"44":{"start":{"line":70,"column":6},"end":{"line":72,"column":7}},"45":{"start":{"line":71,"column":8},"end":{"line":71,"column":49}},"46":{"start":{"line":74,"column":4},"end":{"line":74,"column":69}},"47":{"start":{"line":75,"column":4},"end":{"line":75,"column":46}},"48":{"start":{"line":76,"column":4},"end":{"line":76,"column":57}},"49":{"start":{"line":77,"column":4},"end":{"line":77,"column":53}},"50":{"start":{"line":80,"column":2},"end":{"line":84,"column":3}},"51":{"start":{"line":81,"column":4},"end":{"line":81,"column":21}},"52":{"start":{"line":82,"column":4},"end":{"line":82,"column":29}},"53":{"start":{"line":83,"column":4},"end":{"line":83,"column":35}},"54":{"start":{"line":86,"column":0},"end":{"line":86,"column":1}},"55":{"start":{"line":9,"column":13},"end":{"line":9,"column":26}}},"fnMap":{"1":{"name":"(anonymous_1)","line":9,"loc":{"start":{"line":9,"column":0},"end":{"line":null,"column":-1}}},"2":{"name":"HomeComponent","line":19,"loc":{"start":{"line":19,"column":2},"end":{"line":null,"column":-1}}},"3":{"name":"(anonymous_3)","line":23,"loc":{"start":{"line":23,"column":2},"end":{"line":null,"column":-1}}},"4":{"name":"(anonymous_4)","line":29,"loc":{"start":{"line":29,"column":2},"end":{"line":null,"column":-1}}},"5":{"name":"(anonymous_5)","line":42,"loc":{"start":{"line":42,"column":2},"end":{"line":null,"column":-1}}},"6":{"name":"(anonymous_6)","line":50,"loc":{"start":{"line":50,"column":2},"end":{"line":null,"column":-1}}},"7":{"name":"(anonymous_7)","line":65,"loc":{"start":{"line":65,"column":2},"end":{"line":null,"column":-1}}},"8":{"name":"(anonymous_8)","line":80,"loc":{"start":{"line":80,"column":2},"end":{"line":null,"column":-1}}}},"branchMap":{"1":{"line":31,"type":"cond-expr","locations":[{"start":{"line":31,"column":41},"end":{"line":31,"column":70}},{"start":{"line":31,"column":73},"end":{"line":31,"column":74}}]},"2":{"line":33,"type":"cond-expr","locations":[{"start":{"line":33,"column":43},"end":{"line":33,"column":57}},{"start":{"line":33,"column":60},"end":{"line":33,"column":76}}]},"3":{"line":38,"type":"cond-expr","locations":[{"start":{"line":38,"column":42},"end":{"line":38,"column":73}},{"start":{"line":38,"column":76},"end":{"line":38,"column":77}}]},"4":{"line":55,"type":"if","locations":[{"start":{"line":55,"column":6},"end":{"line":55,"column":5}},{"start":{"line":55,"column":6},"end":{"line":55,"column":5}}]},"5":{"line":70,"type":"if","locations":[{"start":{"line":70,"column":6},"end":{"line":70,"column":5}},{"start":{"line":70,"column":6},"end":{"line":70,"column":5}}]}},"s":{"1":1,"2":1,"3":2,"4":1,"5":6,"6":6,"7":6,"8":6,"9":6,"10":1,"11":6,"12":6,"13":6,"14":1,"15":4,"16":4,"17":50015,"18":50015,"19":100030,"20":4,"21":4,"22":4,"23":1,"24":5,"25":100035,"26":100035,"27":5,"28":1,"29":0,"30":0,"31":0,"32":0,"33":0,"34":0,"35":0,"36":0,"37":0,"38":0,"39":1,"40":3,"41":3,"42":3,"43":100020,"44":100020,"45":100020,"46":3,"47":3,"48":3,"49":3,"50":1,"51":1,"52":1,"53":1,"54":1,"55":1},"b":{"1":[50019,0],"2":[150045,0],"3":[4,0],"4":[0,0],"5":[100020,0]},"f":{"1":1,"2":6,"3":6,"4":4,"5":5,"6":0,"7":3,"8":1},"l":{"1":1,"2":1,"9":2,"13":6,"14":6,"15":6,"16":6,"17":6,"19":1,"23":1,"24":6,"25":6,"26":6,"29":1,"30":4,"31":4,"32":50015,"33":50015,"34":100030,"37":4,"38":4,"39":4,"42":1,"43":5,"44":100035,"45":100035,"47":5,"50":1,"51":0,"52":0,"53":0,"54":0,"55":0,"56":0,"59":0,"60":0,"61":0,"62":0,"65":1,"66":3,"67":3,"68":3,"69":100020,"70":100020,"71":100020,"74":3,"75":3,"76":3,"77":3,"80":1,"81":1,"82":1,"83":1,"86":1}}}
